<?xml version="1.0" encoding="UTF-8"?>
<!-- Generated by org.testng.reporters.JUnitXMLReporter -->
<testsuite ignored="1" hostname="DESKTOP-3EITVAF" failures="0" tests="2" name="Test" time="11.785" errors="0" timestamp="2022-10-29T11:49:57 IST">
  <testcase classname="EndToEndScenarios.AddProjectThroughApiValidateInReactAppAndVaidateInDataBaseTest" name="addAndValidateProjectTest" time="4.185"/>
  <testcase classname="EndToEndScenarios.AddProjectThroughApiValidateInReactAppAndVaidateInDataBaseTest" name="apiTest" time="6.185"/>
  <testcase classname="EndToEndScenarios.AddProjectThroughApiValidateInReactAppAndVaidateInDataBaseTest" name="dataBase" time="0.0">
    <ignored/>
  </testcase> <!-- dataBase -->
</testsuite> <!-- Test -->
