<?xml version="1.0" encoding="UTF-8"?>
<!-- Generated by org.testng.reporters.JUnitXMLReporter -->
<testsuite ignored="2" hostname="DESKTOP-3EITVAF" failures="0" tests="6" name="Test" time="20.375" errors="0" timestamp="2022-10-30T03:30:26 IST">
  <testcase classname="EndToEndScenarios.CreateProjectInReactAppUpdateThroughApiAndDeleteInDataBase" name="createUpdateAndDelete" time="5.031"/>
  <testcase classname="EndToEndScenarios.CreateProjectInReactAppUpdateThroughApiAndDeleteInDataBase" name="createUpdateAnd" time="1.47"/>
  <testcase classname="EndToEndScenarios.CreateProjectInReactAppUpdateThroughApiAndDeleteInDataBase" name="testName" time="0.009"/>
  <testcase classname="EndToEndScenarios.AddProjectThroughApiValidateInReactAppAndVaidateInDataBaseTest" name="addAndValidateProjectTest" time="6.548"/>
  <testcase classname="EndToEndScenarios.AddProjectThroughApiValidateInReactAppAndVaidateInDataBaseTest" name="apiTest" time="1.473"/>
  <testcase classname="EndToEndScenarios.AddProjectThroughApiValidateInReactAppAndVaidateInDataBaseTest" name="dataBase" time="0.021"/>
  <testcase classname="Utilities.BaseClass1" name="@BeforeSuite bsConfig" time="0.0">
    <ignored/>
  </testcase> <!-- @BeforeSuite bsConfig -->
  <testcase classname="Utilities.BaseClass1" name="@AfterSuite asConfig" time="0.0">
    <ignored/>
  </testcase> <!-- @AfterSuite asConfig -->
</testsuite> <!-- Test -->
