<?xml version="1.0" encoding="UTF-8"?>
<testng-results ignored="0" total="1" passed="1" failed="0" skipped="0">
  <reporter-output>
  </reporter-output>
  <suite started-at="2022-10-14T11:37:39 IST" name="Default suite" finished-at="2022-10-14T11:37:43 IST" duration-ms="4347">
    <groups>
    </groups>
    <test started-at="2022-10-14T11:37:39 IST" name="Default test" finished-at="2022-10-14T11:37:43 IST" duration-ms="4347">
      <class name="Authentication.AuthenticationTest">
        <test-method signature="premitiveAuth()[pri:0, instance:Authentication.AuthenticationTest@6a84a97d]" started-at="2022-10-14T11:37:39 IST" name="premitiveAuth" finished-at="2022-10-14T11:37:43 IST" duration-ms="4269" status="PASS">
          <reporter-output>
          </reporter-output>
        </test-method> <!-- premitiveAuth -->
      </class> <!-- Authentication.AuthenticationTest -->
    </test> <!-- Default test -->
  </suite> <!-- Default suite -->
</testng-results>
