<?xml version="1.0" encoding="UTF-8"?>
<!-- Generated by org.testng.reporters.JUnitXMLReporter -->
<testsuite ignored="2" hostname="DESKTOP-3EITVAF" failures="0" tests="1" name="Test(failed)" time="7.925" errors="0" timestamp="2022-10-29T11:50:56 IST">
  <testcase classname="EndToEndScenarios.AddProjectThroughApiValidateInReactAppAndVaidateInDataBaseTest" name="apiTest" time="6.516"/>
  <testcase classname="EndToEndScenarios.AddProjectThroughApiValidateInReactAppAndVaidateInDataBaseTest" name="dataBase" time="0.0">
    <ignored/>
  </testcase> <!-- dataBase -->
  <testcase classname="EndToEndScenarios.AddProjectThroughApiValidateInReactAppAndVaidateInDataBaseTest" name="addAndValidateProjectTest" time="0.0">
    <ignored/>
  </testcase> <!-- addAndValidateProjectTest -->
</testsuite> <!-- Test(failed) -->
